<?xml version="1.0" encoding="UTF-8"?>
<testng-results skipped="0" failed="0" total="1" passed="1">
  <reporter-output>
  </reporter-output>
  <suite name="Default suite" duration-ms="88544" started-at="2015-12-12T09:57:01Z" finished-at="2015-12-12T09:58:29Z">
    <groups>
    </groups>
    <test name="Default test" duration-ms="88544" started-at="2015-12-12T09:57:01Z" finished-at="2015-12-12T09:58:29Z">
      <class name="com.google.tests.GoogleHomePageTest">
        <test-method status="PASS" signature="testSetUp()[pri:0, instance:com.google.tests.GoogleHomePageTest@1bb089b]" name="testSetUp" is-config="true" duration-ms="67651" started-at="2015-12-12T13:57:01Z" finished-at="2015-12-12T13:58:09Z">
          <reporter-output>
          </reporter-output>
        </test-method> <!-- testSetUp -->
        <test-method status="PASS" signature="verifyGooglePageTittle()[pri:0, instance:com.google.tests.GoogleHomePageTest@1bb089b]" name="verifyGooglePageTittle" duration-ms="13303" started-at="2015-12-12T13:58:09Z" finished-at="2015-12-12T13:58:22Z">
          <reporter-output>
          </reporter-output>
        </test-method> <!-- verifyGooglePageTittle -->
        <test-method status="PASS" signature="tearDown()[pri:0, instance:com.google.tests.GoogleHomePageTest@1bb089b]" name="tearDown" is-config="true" duration-ms="7567" started-at="2015-12-12T13:58:22Z" finished-at="2015-12-12T13:58:29Z">
          <reporter-output>
          </reporter-output>
        </test-method> <!-- tearDown -->
      </class> <!-- com.google.tests.GoogleHomePageTest -->
    </test> <!-- Default test -->
  </suite> <!-- Default suite -->
</testng-results>
